Unity Editor version:    6000.0.46f1 (fb93bc360d3a)
Branch:                  6000.0/release
Build type:              Release
Batch mode:              YES
macOS version:           Version 13.7.8 (Build 22H730)
Darwin version:          22.6.0
Architecture:            x86_64
Running under Rosetta:   NO
Available memory:        16384 MB
Using pre-set license
Pro License: YES

COMMAND LINE ARGUMENTS:
/Applications/Unity/Unity.app/Contents/MacOS/Unity
-adb2
-batchMode
-noUpm
-name
AssetImportWorker0
-projectPath
/Users/Tedski/Documents/GitHub/fudge/clickeryummy
-logFile
Logs/AssetImportWorker0.log
-srvPort
54083
-job-worker-count
1
-background-job-worker-count
8
-gc-helper-count
1
Successfully changed project path to: /Users/Tedski/Documents/GitHub/fudge/clickeryummy
/Users/Tedski/Documents/GitHub/fudge/clickeryummy
[UnityMemory] Configuration Parameters - Can be set up in boot.config
    "memorysetup-bucket-allocator-granularity=16"
    "memorysetup-bucket-allocator-bucket-count=8"
    "memorysetup-bucket-allocator-block-size=33554432"
    "memorysetup-bucket-allocator-block-count=8"
    "memorysetup-main-allocator-block-size=16777216"
    "memorysetup-thread-allocator-block-size=16777216"
    "memorysetup-gfx-main-allocator-block-size=16777216"
    "memorysetup-gfx-thread-allocator-block-size=16777216"
    "memorysetup-cache-allocator-block-size=4194304"
    "memorysetup-typetree-allocator-block-size=2097152"
    "memorysetup-profiler-bucket-allocator-granularity=16"
    "memorysetup-profiler-bucket-allocator-bucket-count=8"
    "memorysetup-profiler-bucket-allocator-block-size=33554432"
    "memorysetup-profiler-bucket-allocator-block-count=8"
    "memorysetup-profiler-allocator-block-size=16777216"
    "memorysetup-profiler-editor-allocator-block-size=1048576"
    "memorysetup-temp-allocator-size-main=16777216"
    "memorysetup-job-temp-allocator-block-size=2097152"
    "memorysetup-job-temp-allocator-block-size-background=1048576"
    "memorysetup-job-temp-allocator-reduction-small-platforms=262144"
    "memorysetup-allocator-temp-initial-block-size-main=262144"
    "memorysetup-allocator-temp-initial-block-size-worker=262144"
    "memorysetup-temp-allocator-size-background-worker=32768"
    "memorysetup-temp-allocator-size-job-worker=262144"
    "memorysetup-temp-allocator-size-preload-manager=33554432"
    "memorysetup-temp-allocator-size-nav-mesh-worker=65536"
    "memorysetup-temp-allocator-size-audio-worker=65536"
    "memorysetup-temp-allocator-size-cloud-worker=32768"
    "memorysetup-temp-allocator-size-gi-baking-worker=262144"
    "memorysetup-temp-allocator-size-gi-baking-worker=262144"
    "memorysetup-temp-allocator-size-gi-baking-worker=262144"
    "memorysetup-temp-allocator-size-gi-baking-worker=262144"
    "memorysetup-temp-allocator-size-gi-baking-worker=262144"
    "memorysetup-temp-allocator-size-gfx=262144"
Player connection [140704272169472]  Target information:

Player connection [140704272169472]  * "[IP] 192.168.1.78 [Port] 0 [Flags] 2 [Guid] 1326875026 [EditorId] 1326875026 [Version] 1048832 [Id] OSXEditor(0,Alexs-iMac-2.local) [Debug] 1 [PackageName] OSXEditor [ProjectName] Editor" 

Player connection [140704272169472] Host joined multi-casting on [225.0.0.222:54997]...
Player connection [140704272169472] Host joined alternative multi-casting on [225.0.0.222:34997]...
JobSystem: Creating JobQueue using job-worker-count value 1
Input System module state changed to: Initialized.
[Physics::Module] Initialized fallback backend.
[Physics::Module] Id: 0xdecafbad
Library Redirect Path: Library/
[Physics::Module] Selected backend.
[Physics::Module] Name: PhysX
[Physics::Module] Id: 0xf2b8ea05
[Physics::Module] SDK Version: 4.1.2
[Physics::Module] Integration Version: 1.0.0
[Physics::Module] Threading Mode: Multi-Threaded
Refreshing native plugins compatible for Editor in 8.00 ms, found 3 plugins.
Preloading 0 native plugins for Editor in 0.00 ms.
Initialize engine version: 6000.0.46f1 (fb93bc360d3a)
[Subsystems] Discovering subsystems at path /Applications/Unity/Unity.app/Contents/Resources/UnitySubsystems
[Subsystems] Discovering subsystems at path /Users/Tedski/Documents/GitHub/fudge/clickeryummy/Assets
GfxDevice: creating device client; kGfxThreadingModeNonThreaded
iMac preferred device: Intel(R) Iris(TM) Plus Graphics 640 (low power)
Metal devices available: 1
0: Intel(R) Iris(TM) Plus Graphics 640 (low power)
Using device Intel(R) Iris(TM) Plus Graphics 640 (low power)
Initializing Metal device caps: Intel(R) Iris(TM) Plus Graphics 640
Initialize mono
Mono path[0] = '/Applications/Unity/Unity.app/Contents/Managed'
Mono path[1] = '/Applications/Unity/Unity.app/Contents/MonoBleedingEdge/lib/mono/unityjit-macos'
Mono config path = '/Applications/Unity/Unity.app/Contents/MonoBleedingEdge/etc'
Using monoOptions --debugger-agent=transport=dt_socket,embedding=1,server=y,suspend=n,address=127.0.0.1:56807
Begin MonoManager ReloadAssembly
Registering precompiled unity dll's ...
Register platform support module: /Applications/Unity/PlaybackEngines/WebGLSupport/UnityEditor.WebGL.Extensions.dll
Register platform support module: /Applications/Unity/Unity.app/Contents/PlaybackEngines/MacStandaloneSupport/UnityEditor.OSXStandalone.Extensions.dll
Register platform support module: /Applications/Unity/PlaybackEngines/WindowsStandaloneSupport/UnityEditor.WindowsStandalone.Extensions.dll
Registered in 2.193512 seconds.
- Loaded All Assemblies, in 15.871 seconds
Native extension for WindowsStandalone target not found
Native extension for OSXStandalone target not found
Native extension for WebGL target not found
Mono: successfully reloaded assembly
- Finished resetting the current domain, in  1.148 seconds
Domain Reload Profiling: 17018ms
	BeginReloadAssembly (8006ms)
		ExecutionOrderSort (0ms)
		DisableScriptedObjects (0ms)
		BackupInstance (0ms)
		ReleaseScriptingObjects (0ms)
		CreateAndSetChildDomain (1ms)
	RebuildCommonClasses (203ms)
	RebuildNativeTypeToScriptingClass (35ms)
	initialDomainReloadingComplete (2443ms)
	LoadAllAssembliesAndSetupDomain (5182ms)
		LoadAssemblies (8259ms)
		RebuildTransferFunctionScriptingTraits (0ms)
		AnalyzeDomain (4923ms)
			TypeCache.Refresh (4918ms)
				TypeCache.ScanAssembly (4898ms)
			BuildScriptInfoCaches (0ms)
			ResolveRequiredComponents (2ms)
	FinalizeReload (1149ms)
		ReleaseScriptCaches (0ms)
		RebuildScriptCaches (0ms)
		SetupLoadedEditorAssemblies (1011ms)
			LogAssemblyErrors (0ms)
			InitializePlatformSupportModulesInManaged (179ms)
			SetLoadedEditorAssemblies (7ms)
			BeforeProcessingInitializeOnLoad (106ms)
			ProcessInitializeOnLoadAttributes (501ms)
			ProcessInitializeOnLoadMethodAttributes (218ms)
			AfterProcessingInitializeOnLoad (0ms)
			EditorAssembliesLoaded (0ms)
		ExecutionOrderSort2 (0ms)
		AwakeInstancesAfterBackupRestoration (0ms)
Assertion failed on expression: 'IsFileCreated(assemblyPath)'
Assertion failed on expression: 'IsFileCreated(assemblyPath)'
Assertion failed on expression: 'IsFileCreated(assemblyPath)'
Assertion failed on expression: 'IsFileCreated(assemblyPath)'
Assertion failed on expression: 'IsFileCreated(assemblyPath)'
Assertion failed on expression: 'IsFileCreated(assemblyPath)'
Compilation Pipeline: Could not read file Packages/com.unity.collab-proxy/Editor/Toolbar/Unity.CollabProxy.Editor.asmdef
Fatal Error! Compilation Pipeline: Could not read file Packages/com.unity.collab-proxy/Editor/Toolbar/Unity.CollabProxy.Editor.asmdef
Obtained 35 stack frames.
#0  0x007ff800b7f196 in __pthread_kill
#1  0x007ff800addb45 in abort
#2  0x00000109c2bfae in CrashDontLaunchBugReporter()
#3  0x00000108557642 in EditorMonoConsole::LogToConsoleImplementation(CppLogEntry&)
#4  0x0000010855710a in EditorMonoConsole::LogToConsoleImplementation(DebugStringToFileData const&)
#5  0x00000108558fb5 in LogToConsoleImplementation(DebugStringToFileData const&)
#6  0x0000010940699e in DebugStringToFilePostprocessedStacktrace(DebugStringToFileData const&)
#7  0x00000109407430 in DebugStringToFile(DebugStringToFileData const&)
#8  0x00000108c2f7c4 in RegisterAssemblyDefinition(core::basic_string<char, core::StringStorageDefault<char>> const&)
#9  0x0000010907f108 in UpdateScriptCompilationPipelineCaches(ScriptChanges const&, bool)
#10 0x00000108ef2b2a in InitializeScriptPipelineCaches()
#11 0x0000010867d7cc in Application::InitializeProject()
#12 0x00000109c348eb in -[EditorApplication applicationDidFinishLaunching:]
#13 0x007ff800c88618 in __CFNOTIFICATIONCENTER_IS_CALLING_OUT_TO_AN_OBSERVER__
#14 0x007ff800d2138e in ___CFXRegistrationPost_block_invoke
#15 0x007ff800d212e3 in _CFXRegistrationPost
#16 0x007ff800c5b8b7 in _CFXNotificationPost
#17 0x007ff801ac98c0 in -[NSNotificationCenter postNotificationName:object:userInfo:]
#18 0x007ff803d396d2 in -[NSApplication _postDidFinishNotification]
#19 0x007ff803d39422 in -[NSApplication _sendFinishLaunchingNotification]
#20 0x007ff803d37142 in -[NSApplication(NSAppleEventHandling) _handleAEOpenEvent:]
#21 0x007ff803d36d98 in -[NSApplication(NSAppleEventHandling) _handleCoreEvent:withReplyEvent:]
#22 0x007ff801af4834 in -[NSAppleEventManager dispatchRawAppleEvent:withRawReply:handlerRefCon:]
#23 0x007ff801af46a6 in _NSAppleEventManagerGenericHandler
#24 0x007ff8070e6067 in _AppleEventsCheckInAppWithBlock
#25 0x007ff8070e58d3 in _AppleEventsCheckInAppWithBlock
#26 0x007ff8070deee8 in aeProcessAppleEvent
#27 0x007ff80a72bc48 in AEProcessAppleEvent
#28 0x007ff803d31d22 in _DPSNextEvent
#29 0x007ff803d30882 in -[NSApplication(NSEvent) _nextEventMatchingEventMask:untilDate:inMode:dequeue:]
#30 0x007ff803d22ef7 in -[NSApplication run]
#31 0x007ff803cf7111 in NSApplicationMain
#32 0x00000109c4c88b in EditorMain(int, char const**)
#33 0x00000109c4cba9 in main
#34 0x007ff80085c418 in start
